2025-06-08 10:58:14,306 [main_trainer.py:302] INFO Configurations: Namespace(batch_size=16, nsteps_update=1, nworkers=6, nwpernode=1, compression=True, compressor='oktopk', sigma_scale=2.5, density=0.01, dataset='cifar100', dnn='resnet152', data_dir='/home/mzq/cifar100', lr=0.01, max_epochs=121, pretrain=None)
2025-06-08 10:58:14,306 [main_trainer.py:303] INFO Interpreter: 3.9.16 (main, Mar  1 2023, 18:22:10) 
[GCC 11.2.0]
2025-06-08 10:58:19,045 [dl_trainer.py:299] INFO target_sparsities: [1.0]
2025-06-08 10:58:19,045 [dl_trainer.py:311] INFO num_batches_per_epoch: 520
2025-06-08 10:58:19,045 [main_trainer.py:89] INFO Broadcast parameters....
2025-06-08 10:58:20,119 [main_trainer.py:111] INFO Broadcast parameters finished....
2025-06-08 10:58:20,171 [allreducer.py:284] INFO density: 0.010000
2025-06-08 10:58:20,171 [allreducer.py:285] INFO threshold scale: 1.092000
2025-06-08 10:58:20,174 [allreducer.py:712] INFO offsets: 
2025-06-08 10:58:20,174 [allreducer.py:347] INFO dynamic densities = [0.01]
2025-06-08 10:58:20,187 [allreducer.py:993] INFO Allreducer thread started ...
2025-06-08 10:58:20,187 [main_trainer.py:135] INFO Start training ....
2025-06-08 11:00:39,412 [main_trainer.py:302] INFO Configurations: Namespace(batch_size=16, nsteps_update=1, nworkers=6, nwpernode=1, compression=True, compressor='oktopk', sigma_scale=2.5, density=0.01, dataset='cifar100', dnn='resnet152', data_dir='/home/mzq/cifar100', lr=0.01, max_epochs=121, pretrain=None)
2025-06-08 11:00:39,412 [main_trainer.py:303] INFO Interpreter: 3.9.16 (main, Mar  1 2023, 18:22:10) 
[GCC 11.2.0]
2025-06-08 11:00:44,123 [dl_trainer.py:299] INFO target_sparsities: [1.0]
2025-06-08 11:00:44,124 [dl_trainer.py:311] INFO num_batches_per_epoch: 520
2025-06-08 11:00:44,124 [main_trainer.py:89] INFO Broadcast parameters....
2025-06-08 11:00:45,187 [main_trainer.py:111] INFO Broadcast parameters finished....
2025-06-08 11:00:45,242 [allreducer.py:284] INFO density: 0.010000
2025-06-08 11:00:45,242 [allreducer.py:285] INFO threshold scale: 1.092000
2025-06-08 11:00:45,244 [allreducer.py:712] INFO offsets: 
2025-06-08 11:00:45,244 [allreducer.py:347] INFO dynamic densities = [0.01]
2025-06-08 11:00:45,254 [allreducer.py:993] INFO Allreducer thread started ...
2025-06-08 11:00:45,255 [main_trainer.py:135] INFO Start training ....
2025-06-09 05:09:39,439 [main_trainer.py:304] INFO Configurations: Namespace(batch_size=16, nsteps_update=1, nworkers=6, nwpernode=1, compression=True, compressor='oktopk', sigma_scale=2.5, density=0.01, dataset='cifar100', dnn='resnet152', data_dir='/home/mzq/cifar100', lr=0.01, max_epochs=121, pretrain=None)
2025-06-09 05:09:39,439 [main_trainer.py:305] INFO Interpreter: 3.9.16 (main, Mar  1 2023, 18:22:10) 
[GCC 11.2.0]
2025-06-09 05:09:44,031 [dl_trainer.py:299] INFO target_sparsities: [1.0]
2025-06-09 05:09:44,031 [dl_trainer.py:311] INFO num_batches_per_epoch: 520
2025-06-09 05:09:44,032 [main_trainer.py:89] INFO Broadcast parameters....
2025-06-09 05:09:45,108 [main_trainer.py:111] INFO Broadcast parameters finished....
2025-06-09 05:09:45,180 [allreducer.py:284] INFO density: 0.010000
2025-06-09 05:09:45,180 [allreducer.py:285] INFO threshold scale: 1.092000
2025-06-09 05:09:45,183 [allreducer.py:712] INFO offsets: 
2025-06-09 05:09:45,183 [allreducer.py:347] INFO dynamic densities = [0.01]
2025-06-09 05:09:45,198 [allreducer.py:993] INFO Allreducer thread started ...
2025-06-09 05:09:45,198 [main_trainer.py:135] INFO Start training ....
