2025-06-12 12:11:30,555 [main_trainer.py:331] INFO Configurations: Namespace(batch_size=16, nsteps_update=1, nworkers=7, nwpernode=1, compression=True, compressor='spardl', sigma_scale=2.5, density=0.01, dataset='cifar100', dnn='resnet152', data_dir='/home/mzq/cifar100', lr=0.01, max_epochs=121, pretrain=None)
2025-06-12 12:11:30,555 [main_trainer.py:332] INFO Interpreter: 3.9.16 (main, Mar  1 2023, 18:22:10) 
[GCC 11.2.0]
2025-06-12 12:11:35,862 [dl_trainer.py:300] INFO target_sparsities: [1.0]
2025-06-12 12:11:35,863 [dl_trainer.py:312] INFO num_batches_per_epoch: 446
2025-06-12 12:11:35,863 [main_trainer.py:89] INFO Broadcast parameters....
2025-06-12 12:11:37,069 [main_trainer.py:111] INFO Broadcast parameters finished....
2025-06-12 12:11:37,142 [allreducer.py:285] INFO density: 0.010000
2025-06-12 12:11:37,142 [allreducer.py:286] INFO threshold scale: 1.092000
2025-06-12 12:11:37,145 [allreducer.py:713] INFO offsets: 
2025-06-12 12:11:37,145 [allreducer.py:348] INFO dynamic densities = [0.01]
2025-06-12 12:11:37,158 [allreducer.py:994] INFO Allreducer thread started ...
2025-06-12 12:11:37,159 [main_trainer.py:138] INFO Start training ....
2025-06-12 12:11:54,787 [main_trainer.py:186] INFO Time per iteration is 0.839410. including communication: 0.119505. forward: 0.146561. backward: 0.332077. compression: 0.051485. io: 0.005566. HOOK: 0.009892. Speed: 19.061005 images/s, current density: 0.010000
2025-06-12 12:12:09,349 [main_trainer.py:186] INFO Time per iteration is 0.785082. including communication: 0.123011. forward: 0.093420. backward: 0.327610. compression: 0.048585. io: 0.005410. HOOK: 0.006709. Speed: 20.380037 images/s, current density: 0.010000
2025-06-12 12:12:15,861 [allreducer.py:805] INFO [rank:%d]name[size]: backward, merge, compression, allreduce, demerge, d2h, h2d
2025-06-12 12:12:15,861 [allreducer.py:860] INFO [rank:0]total[58341028]: 0.000000,0.000166,0.048424,0.126365,0.010557,0.000000,0.000000
2025-06-12 12:12:23,924 [main_trainer.py:186] INFO Time per iteration is 0.766608. including communication: 0.123969. forward: 0.075140. backward: 0.328793. compression: 0.048222. io: 0.005383. HOOK: 0.006846. Speed: 20.871156 images/s, current density: 0.010000
2025-06-12 12:12:38,430 [main_trainer.py:186] INFO Time per iteration is 0.756393. including communication: 0.121908. forward: 0.065768. backward: 0.328734. compression: 0.047583. io: 0.005328. HOOK: 0.006767. Speed: 21.153020 images/s, current density: 0.010000
2025-06-12 12:12:52,199 [allreducer.py:805] INFO [rank:%d]name[size]: backward, merge, compression, allreduce, demerge, d2h, h2d
2025-06-12 12:12:52,200 [allreducer.py:860] INFO [rank:0]total[58341028]: 0.000000,0.007321,0.053369,0.122809,0.008273,0.000000,0.000000
2025-06-12 12:12:52,963 [main_trainer.py:186] INFO Time per iteration is 0.750500. including communication: 0.124183. forward: 0.060013. backward: 0.330002. compression: 0.050811. io: 0.005285. HOOK: 0.007875. Speed: 21.319121 images/s, current density: 0.010000
2025-06-12 12:13:07,477 [main_trainer.py:186] INFO Time per iteration is 0.746388. including communication: 0.127034. forward: 0.056255. backward: 0.331120. compression: 0.053110. io: 0.005238. HOOK: 0.008613. Speed: 21.436577 images/s, current density: 0.010000
2025-06-12 12:13:22,064 [main_trainer.py:186] INFO Time per iteration is 0.743967. including communication: 0.129751. forward: 0.053583. backward: 0.331165. compression: 0.054892. io: 0.005223. HOOK: 0.009772. Speed: 21.506340 images/s, current density: 0.010000
2025-06-12 12:13:28,488 [allreducer.py:805] INFO [rank:%d]name[size]: backward, merge, compression, allreduce, demerge, d2h, h2d
2025-06-12 12:13:28,488 [allreducer.py:860] INFO [rank:0]total[58341028]: 0.000000,0.000391,0.064893,0.138017,0.009566,0.000000,0.000000
2025-06-12 12:13:36,507 [main_trainer.py:186] INFO Time per iteration is 0.741246. including communication: 0.128425. forward: 0.051627. backward: 0.331248. compression: 0.054887. io: 0.005217. HOOK: 0.007718. Speed: 21.585264 images/s, current density: 0.010000
2025-06-12 12:13:51,056 [main_trainer.py:186] INFO Time per iteration is 0.739717. including communication: 0.131439. forward: 0.049996. backward: 0.331566. compression: 0.054865. io: 0.005202. HOOK: 0.007683. Speed: 21.629902 images/s, current density: 0.010000
2025-06-12 12:14:04,841 [allreducer.py:805] INFO [rank:%d]name[size]: backward, merge, compression, allreduce, demerge, d2h, h2d
2025-06-12 12:14:04,842 [allreducer.py:860] INFO [rank:0]total[58341028]: 0.000000,0.003675,0.053457,0.132791,0.008293,0.000000,0.000000
2025-06-12 12:14:05,597 [main_trainer.py:186] INFO Time per iteration is 0.738455. including communication: 0.129850. forward: 0.048830. backward: 0.330900. compression: 0.055010. io: 0.005214. HOOK: 0.005903. Speed: 21.666849 images/s, current density: 0.010000
2025-06-12 12:14:20,152 [main_trainer.py:186] INFO Time per iteration is 0.737481. including communication: 0.128816. forward: 0.047839. backward: 0.331340. compression: 0.055038. io: 0.005210. HOOK: 0.008626. Speed: 21.695469 images/s, current density: 0.010000
2025-06-12 12:14:34,642 [main_trainer.py:186] INFO Time per iteration is 0.736400. including communication: 0.127509. forward: 0.047044. backward: 0.331721. compression: 0.054289. io: 0.005213. HOOK: 0.007799. Speed: 21.727320 images/s, current density: 0.010000
2025-06-12 12:14:41,141 [allreducer.py:805] INFO [rank:%d]name[size]: backward, merge, compression, allreduce, demerge, d2h, h2d
2025-06-12 12:14:41,142 [allreducer.py:860] INFO [rank:0]total[58341028]: 0.000000,0.000366,0.049938,0.115877,0.008320,0.000000,0.000000
2025-06-12 12:14:49,185 [main_trainer.py:186] INFO Time per iteration is 0.735686. including communication: 0.126656. forward: 0.046340. backward: 0.331735. compression: 0.054449. io: 0.005204. HOOK: 0.007879. Speed: 21.748401 images/s, current density: 0.010000
2025-06-12 12:15:03,712 [main_trainer.py:186] INFO Time per iteration is 0.735018. including communication: 0.126666. forward: 0.045756. backward: 0.331974. compression: 0.053935. io: 0.005210. HOOK: 0.007706. Speed: 21.768177 images/s, current density: 0.010000
2025-06-12 12:15:17,439 [allreducer.py:805] INFO [rank:%d]name[size]: backward, merge, compression, allreduce, demerge, d2h, h2d
2025-06-12 12:15:17,440 [allreducer.py:860] INFO [rank:0]total[58341028]: 0.000000,0.000230,0.050876,0.122507,0.008378,0.000000,0.000000
2025-06-12 12:15:18,200 [main_trainer.py:186] INFO Time per iteration is 0.734308. including communication: 0.126299. forward: 0.045262. backward: 0.331745. compression: 0.053482. io: 0.005225. HOOK: 0.007375. Speed: 21.789223 images/s, current density: 0.010000
2025-06-12 12:15:32,828 [main_trainer.py:186] INFO Time per iteration is 0.734125. including communication: 0.128178. forward: 0.044824. backward: 0.331386. compression: 0.054937. io: 0.005238. HOOK: 0.007532. Speed: 21.794643 images/s, current density: 0.010000
2025-06-12 12:15:47,349 [main_trainer.py:186] INFO Time per iteration is 0.733646. including communication: 0.127280. forward: 0.044401. backward: 0.331380. compression: 0.054504. io: 0.005247. HOOK: 0.007302. Speed: 21.808896 images/s, current density: 0.010000
2025-06-12 12:15:53,878 [allreducer.py:805] INFO [rank:%d]name[size]: backward, merge, compression, allreduce, demerge, d2h, h2d
2025-06-12 12:15:53,879 [allreducer.py:860] INFO [rank:0]total[58341028]: 0.000000,0.003527,0.059171,0.131131,0.009947,0.000000,0.000000
2025-06-12 12:16:01,897 [main_trainer.py:186] INFO Time per iteration is 0.733297. including communication: 0.126589. forward: 0.044118. backward: 0.331599. compression: 0.053989. io: 0.005253. HOOK: 0.007814. Speed: 21.819267 images/s, current density: 0.010000
2025-06-12 12:16:16,428 [main_trainer.py:186] INFO Time per iteration is 0.732938. including communication: 0.125914. forward: 0.043813. backward: 0.331603. compression: 0.053955. io: 0.005260. HOOK: 0.007123. Speed: 21.829945 images/s, current density: 0.010000
2025-06-12 12:16:30,192 [allreducer.py:805] INFO [rank:%d]name[size]: backward, merge, compression, allreduce, demerge, d2h, h2d
2025-06-12 12:16:30,193 [allreducer.py:860] INFO [rank:0]total[58341028]: 0.000000,0.010424,0.052357,0.111987,0.008402,0.000000,0.000000
2025-06-12 12:16:30,961 [main_trainer.py:186] INFO Time per iteration is 0.732622. including communication: 0.125112. forward: 0.043540. backward: 0.331546. compression: 0.054036. io: 0.005262. HOOK: 0.007125. Speed: 21.839360 images/s, current density: 0.010000
2025-06-12 12:16:45,443 [main_trainer.py:186] INFO Time per iteration is 0.732215. including communication: 0.125103. forward: 0.043240. backward: 0.331523. compression: 0.053600. io: 0.005248. HOOK: 0.008793. Speed: 21.851496 images/s, current density: 0.010000
2025-06-12 12:16:59,980 [main_trainer.py:186] INFO Time per iteration is 0.731968. including communication: 0.125870. forward: 0.042974. backward: 0.331569. compression: 0.053284. io: 0.005251. HOOK: 0.008211. Speed: 21.858870 images/s, current density: 0.010000
2025-06-12 12:17:03,456 [dl_trainer.py:920] INFO [  0][  446/  446][rank:0] loss: 4.227, average forward and backward time: 0.579087, iotime: 0.005248 
2025-06-12 12:17:03,458 [dl_trainer.py:926] INFO GPU memory usage memory_allocated: 2016 MBytes, max_memory_allocated: 3102 MBytes, memory_cached: 3158 MBytes, max_memory_cached: 3158 MBytes, CPU memory usage: 3160 MBytes
2025-06-12 12:17:03,606 [main_trainer.py:198] INFO Time per epoch including communication: 326.446790, 0.000000
2025-06-12 12:17:03,611 [dl_trainer.py:764] INFO train iter: 446, num_batches_per_epoch: 446
2025-06-12 12:17:03,612 [dl_trainer.py:767] INFO Epoch 0, avg train acc: 2.270179, lr: 0.002286, avg loss: 4.568355
2025-06-12 12:17:03,613 [dl_trainer.py:773] WARNING NaN detected! sparsities:  []
2025-06-12 12:17:03,613 [dl_trainer.py:775] INFO Average Sparsity: nan, compression ratio: nan, communication size: nan
2025-06-12 12:17:24,565 [dl_trainer.py:1019] INFO Epoch 1, lr: 0.002286, val loss: 4.330203, val acc: 0.047400
2025-06-12 12:17:26,963 [allreducer.py:805] INFO [rank:%d]name[size]: backward, merge, compression, allreduce, demerge, d2h, h2d
2025-06-12 12:17:26,963 [allreducer.py:860] INFO [rank:0]total[58341028]: 0.000000,0.000787,0.052644,0.133384,0.009766,0.000000,0.000000
2025-06-12 12:17:39,368 [main_trainer.py:186] INFO Time per iteration is 0.775555. including communication: 0.125675. forward: 0.042637. backward: 0.331082. compression: 0.054089. io: 0.005256. HOOK: 0.007515. Speed: 20.630392 images/s, current density: 0.010000
2025-06-12 12:17:53,914 [main_trainer.py:186] INFO Time per iteration is 0.773569. including communication: 0.124833. forward: 0.042446. backward: 0.331075. compression: 0.053748. io: 0.005264. HOOK: 0.010099. Speed: 20.683340 images/s, current density: 0.010000
2025-06-12 12:18:03,386 [allreducer.py:805] INFO [rank:%d]name[size]: backward, merge, compression, allreduce, demerge, d2h, h2d
2025-06-12 12:18:03,386 [allreducer.py:860] INFO [rank:0]total[58341028]: 0.000000,0.000255,0.054237,0.114529,0.008419,0.000000,0.000000
2025-06-12 12:18:08,511 [main_trainer.py:186] INFO Time per iteration is 0.771844. including communication: 0.124520. forward: 0.042252. backward: 0.330871. compression: 0.053847. io: 0.005260. HOOK: 0.006966. Speed: 20.729588 images/s, current density: 0.010000
2025-06-12 12:18:23,054 [main_trainer.py:186] INFO Time per iteration is 0.770145. including communication: 0.124168. forward: 0.042079. backward: 0.330840. compression: 0.053881. io: 0.005260. HOOK: 0.009324. Speed: 20.775308 images/s, current density: 0.010000
2025-06-12 12:18:37,564 [main_trainer.py:186] INFO Time per iteration is 0.768511. including communication: 0.124207. forward: 0.041890. backward: 0.330884. compression: 0.053910. io: 0.005253. HOOK: 0.007287. Speed: 20.819491 images/s, current density: 0.010000
2025-06-12 12:18:39,705 [allreducer.py:805] INFO [rank:%d]name[size]: backward, merge, compression, allreduce, demerge, d2h, h2d
2025-06-12 12:18:39,705 [allreducer.py:860] INFO [rank:0]total[58341028]: 0.000000,0.000314,0.053215,0.115183,0.008339,0.000000,0.000000
2025-06-12 12:18:52,104 [main_trainer.py:186] INFO Time per iteration is 0.767042. including communication: 0.123923. forward: 0.041715. backward: 0.330983. compression: 0.053928. io: 0.005248. HOOK: 0.011636. Speed: 20.859358 images/s, current density: 0.010000
2025-06-12 12:19:06,634 [main_trainer.py:186] INFO Time per iteration is 0.765659. including communication: 0.123328. forward: 0.041568. backward: 0.331070. compression: 0.053623. io: 0.005249. HOOK: 0.006753. Speed: 20.897018 images/s, current density: 0.010000
2025-06-12 12:19:16,045 [allreducer.py:805] INFO [rank:%d]name[size]: backward, merge, compression, allreduce, demerge, d2h, h2d
2025-06-12 12:19:16,045 [allreducer.py:860] INFO [rank:0]total[58341028]: 0.000000,0.000168,0.048667,0.107675,0.008356,0.000000,0.000000
2025-06-12 12:19:21,172 [main_trainer.py:186] INFO Time per iteration is 0.764380. including communication: 0.122731. forward: 0.041423. backward: 0.331137. compression: 0.053374. io: 0.005242. HOOK: 0.006846. Speed: 20.932003 images/s, current density: 0.010000
2025-06-12 12:19:35,775 [main_trainer.py:186] INFO Time per iteration is 0.763285. including communication: 0.123587. forward: 0.041300. backward: 0.330927. compression: 0.053470. io: 0.005239. HOOK: 0.006912. Speed: 20.962020 images/s, current density: 0.010000
2025-06-12 12:19:50,299 [main_trainer.py:186] INFO Time per iteration is 0.762137. including communication: 0.123104. forward: 0.041200. backward: 0.331045. compression: 0.053587. io: 0.005241. HOOK: 0.009007. Speed: 20.993593 images/s, current density: 0.010000
2025-06-12 12:19:52,454 [allreducer.py:805] INFO [rank:%d]name[size]: backward, merge, compression, allreduce, demerge, d2h, h2d
2025-06-12 12:19:52,455 [allreducer.py:860] INFO [rank:0]total[58341028]: 0.000000,0.003986,0.055279,0.134469,0.010029,0.000000,0.000000
2025-06-12 12:20:04,833 [main_trainer.py:186] INFO Time per iteration is 0.761073. including communication: 0.123532. forward: 0.041134. backward: 0.331231. compression: 0.053430. io: 0.005242. HOOK: 0.008135. Speed: 21.022956 images/s, current density: 0.010000
2025-06-12 12:20:19,350 [main_trainer.py:186] INFO Time per iteration is 0.760045. including communication: 0.123416. forward: 0.041067. backward: 0.331159. compression: 0.053289. io: 0.005246. HOOK: 0.007403. Speed: 21.051382 images/s, current density: 0.010000
2025-06-12 12:20:28,760 [allreducer.py:805] INFO [rank:%d]name[size]: backward, merge, compression, allreduce, demerge, d2h, h2d
2025-06-12 12:20:28,760 [allreducer.py:860] INFO [rank:0]total[58341028]: 0.000000,0.000320,0.048749,0.116374,0.008305,0.000000,0.000000
2025-06-12 12:20:33,887 [main_trainer.py:186] INFO Time per iteration is 0.759103. including communication: 0.123579. forward: 0.040957. backward: 0.331188. compression: 0.053416. io: 0.005243. HOOK: 0.006665. Speed: 21.077497 images/s, current density: 0.010000
2025-06-12 12:20:48,422 [main_trainer.py:186] INFO Time per iteration is 0.758212. including communication: 0.123737. forward: 0.040849. backward: 0.331228. compression: 0.053331. io: 0.005240. HOOK: 0.007020. Speed: 21.102275 images/s, current density: 0.010000
2025-06-12 12:21:02,956 [main_trainer.py:186] INFO Time per iteration is 0.757366. including communication: 0.122920. forward: 0.040753. backward: 0.331136. compression: 0.053101. io: 0.005239. HOOK: 0.006921. Speed: 21.125859 images/s, current density: 0.010000
2025-06-12 12:21:05,094 [allreducer.py:805] INFO [rank:%d]name[size]: backward, merge, compression, allreduce, demerge, d2h, h2d
2025-06-12 12:21:05,094 [allreducer.py:860] INFO [rank:0]total[58341028]: 0.000000,0.000167,0.050820,0.119273,0.009849,0.000000,0.000000
2025-06-12 12:21:17,513 [main_trainer.py:186] INFO Time per iteration is 0.756595. including communication: 0.122908. forward: 0.040700. backward: 0.331312. compression: 0.052937. io: 0.005239. HOOK: 0.007171. Speed: 21.147388 images/s, current density: 0.010000
2025-06-12 12:21:32,070 [main_trainer.py:186] INFO Time per iteration is 0.755862. including communication: 0.123000. forward: 0.040634. backward: 0.331400. compression: 0.052975. io: 0.005242. HOOK: 0.008902. Speed: 21.167884 images/s, current density: 0.010000
2025-06-12 12:21:41,546 [allreducer.py:805] INFO [rank:%d]name[size]: backward, merge, compression, allreduce, demerge, d2h, h2d
2025-06-12 12:21:41,546 [allreducer.py:860] INFO [rank:0]total[58341028]: 0.000000,0.007634,0.053308,0.127196,0.008255,0.000000,0.000000
2025-06-12 12:21:46,691 [main_trainer.py:186] INFO Time per iteration is 0.755246. including communication: 0.122851. forward: 0.040563. backward: 0.331166. compression: 0.053003. io: 0.005243. HOOK: 0.009015. Speed: 21.185151 images/s, current density: 0.010000
2025-06-12 12:22:01,210 [main_trainer.py:186] INFO Time per iteration is 0.754535. including communication: 0.122925. forward: 0.040474. backward: 0.331191. compression: 0.053088. io: 0.005235. HOOK: 0.008530. Speed: 21.205118 images/s, current density: 0.010000
2025-06-12 12:22:15,723 [main_trainer.py:186] INFO Time per iteration is 0.753851. including communication: 0.122492. forward: 0.040407. backward: 0.331150. compression: 0.052895. io: 0.005233. HOOK: 0.007209. Speed: 21.224362 images/s, current density: 0.010000
2025-06-12 12:22:17,860 [allreducer.py:805] INFO [rank:%d]name[size]: backward, merge, compression, allreduce, demerge, d2h, h2d
2025-06-12 12:22:17,860 [allreducer.py:860] INFO [rank:0]total[58341028]: 0.000000,0.003668,0.049066,0.110676,0.008404,0.000000,0.000000
2025-06-12 12:22:30,209 [main_trainer.py:186] INFO Time per iteration is 0.753167. including communication: 0.122153. forward: 0.040346. backward: 0.331243. compression: 0.052707. io: 0.005229. HOOK: 0.008299. Speed: 21.243615 images/s, current density: 0.010000
2025-06-12 12:22:44,710 [main_trainer.py:186] INFO Time per iteration is 0.752532. including communication: 0.122235. forward: 0.040303. backward: 0.331224. compression: 0.052822. io: 0.005232. HOOK: 0.009398. Speed: 21.261555 images/s, current density: 0.010000
2025-06-12 12:22:48,215 [dl_trainer.py:920] INFO [  1][  892/  446][rank:0] loss: 4.210, average forward and backward time: 0.619706, iotime: 0.005220 
2025-06-12 12:22:48,216 [dl_trainer.py:926] INFO GPU memory usage memory_allocated: 2017 MBytes, max_memory_allocated: 3948 MBytes, memory_cached: 3996 MBytes, max_memory_cached: 3996 MBytes, CPU memory usage: 3148 MBytes
2025-06-12 12:22:48,394 [main_trainer.py:198] INFO Time per epoch including communication: 323.828128, 0.000000
2025-06-12 12:22:48,405 [dl_trainer.py:764] INFO train iter: 892, num_batches_per_epoch: 446
2025-06-12 12:22:48,405 [dl_trainer.py:767] INFO Epoch 1, avg train acc: 6.235987, lr: 0.003143, avg loss: 4.170304
2025-06-12 12:22:48,406 [dl_trainer.py:773] WARNING NaN detected! sparsities:  []
2025-06-12 12:22:48,406 [dl_trainer.py:775] INFO Average Sparsity: nan, compression ratio: nan, communication size: nan
2025-06-12 12:23:09,654 [dl_trainer.py:1019] INFO Epoch 2, lr: 0.003143, val loss: 3.917828, val acc: 0.101900
2025-06-12 12:23:14,988 [allreducer.py:805] INFO [rank:%d]name[size]: backward, merge, compression, allreduce, demerge, d2h, h2d
2025-06-12 12:23:14,988 [allreducer.py:860] INFO [rank:0]total[58341028]: 0.000000,0.000164,0.059204,0.127296,0.008343,0.000000,0.000000
2025-06-12 12:23:24,559 [main_trainer.py:186] INFO Time per iteration is 0.774746. including communication: 0.122758. forward: 0.040219. backward: 0.330741. compression: 0.053135. io: 0.005242. HOOK: 0.006804. Speed: 20.651939 images/s, current density: 0.010000
2025-06-12 12:23:39,121 [main_trainer.py:186] INFO Time per iteration is 0.773742. including communication: 0.122969. forward: 0.040200. backward: 0.330816. compression: 0.053355. io: 0.005246. HOOK: 0.007589. Speed: 20.678724 images/s, current density: 0.010000
2025-06-12 12:23:51,452 [allreducer.py:805] INFO [rank:%d]name[size]: backward, merge, compression, allreduce, demerge, d2h, h2d
2025-06-12 12:23:51,452 [allreducer.py:860] INFO [rank:0]total[58341028]: 0.000000,0.003769,0.054030,0.134717,0.010015,0.000000,0.000000
2025-06-12 12:23:53,667 [main_trainer.py:186] INFO Time per iteration is 0.772765. including communication: 0.123185. forward: 0.040153. backward: 0.330914. compression: 0.053225. io: 0.005243. HOOK: 0.009923. Speed: 20.704884 images/s, current density: 0.010000
2025-06-12 12:24:08,243 [main_trainer.py:186] INFO Time per iteration is 0.771858. including communication: 0.123075. forward: 0.040088. backward: 0.330940. compression: 0.053273. io: 0.005241. HOOK: 0.012057. Speed: 20.729192 images/s, current density: 0.010000
2025-06-12 12:24:22,769 [main_trainer.py:186] INFO Time per iteration is 0.770940. including communication: 0.122955. forward: 0.040030. backward: 0.330976. compression: 0.053499. io: 0.005243. HOOK: 0.007403. Speed: 20.753898 images/s, current density: 0.010000
2025-06-12 12:24:27,815 [allreducer.py:805] INFO [rank:%d]name[size]: backward, merge, compression, allreduce, demerge, d2h, h2d
2025-06-12 12:24:27,816 [allreducer.py:860] INFO [rank:0]total[58341028]: 0.000000,0.003507,0.057059,0.116742,0.008306,0.000000,0.000000
2025-06-12 12:24:37,308 [main_trainer.py:186] INFO Time per iteration is 0.770067. including communication: 0.122965. forward: 0.039983. backward: 0.331093. compression: 0.053518. io: 0.005240. HOOK: 0.006555. Speed: 20.777402 images/s, current density: 0.010000
2025-06-12 12:24:51,811 [main_trainer.py:186] INFO Time per iteration is 0.769197. including communication: 0.123003. forward: 0.039935. backward: 0.331129. compression: 0.053400. io: 0.005238. HOOK: 0.008077. Speed: 20.800925 images/s, current density: 0.010000
2025-06-12 12:25:04,140 [allreducer.py:805] INFO [rank:%d]name[size]: backward, merge, compression, allreduce, demerge, d2h, h2d
2025-06-12 12:25:04,140 [allreducer.py:860] INFO [rank:0]total[58341028]: 0.000000,0.000553,0.050732,0.125082,0.008477,0.000000,0.000000
2025-06-12 12:25:06,367 [main_trainer.py:186] INFO Time per iteration is 0.768407. including communication: 0.122984. forward: 0.039897. backward: 0.331126. compression: 0.053286. io: 0.005237. HOOK: 0.008489. Speed: 20.822289 images/s, current density: 0.010000
2025-06-12 12:25:20,910 [main_trainer.py:186] INFO Time per iteration is 0.767636. including communication: 0.122958. forward: 0.039861. backward: 0.331108. compression: 0.053072. io: 0.005237. HOOK: 0.007633. Speed: 20.843210 images/s, current density: 0.010000
2025-06-12 12:25:35,518 [main_trainer.py:186] INFO Time per iteration is 0.766954. including communication: 0.123208. forward: 0.039821. backward: 0.330923. compression: 0.053290. io: 0.005236. HOOK: 0.008998. Speed: 20.861759 images/s, current density: 0.010000
2025-06-12 12:25:40,590 [allreducer.py:805] INFO [rank:%d]name[size]: backward, merge, compression, allreduce, demerge, d2h, h2d
2025-06-12 12:25:40,590 [allreducer.py:860] INFO [rank:0]total[58341028]: 0.000000,0.000163,0.056251,0.131490,0.010040,0.000000,0.000000
2025-06-12 12:25:50,086 [main_trainer.py:186] INFO Time per iteration is 0.766258. including communication: 0.123654. forward: 0.039779. backward: 0.330928. compression: 0.053387. io: 0.005236. HOOK: 0.009219. Speed: 20.880683 images/s, current density: 0.010000
2025-06-12 12:26:04,655 [main_trainer.py:186] INFO Time per iteration is 0.765590. including communication: 0.123584. forward: 0.039735. backward: 0.330943. compression: 0.053453. io: 0.005235. HOOK: 0.007875. Speed: 20.898924 images/s, current density: 0.010000
2025-06-12 12:26:16,914 [allreducer.py:805] INFO [rank:%d]name[size]: backward, merge, compression, allreduce, demerge, d2h, h2d
2025-06-12 12:26:16,915 [allreducer.py:860] INFO [rank:0]total[58341028]: 0.000000,0.003583,0.050702,0.117128,0.008432,0.000000,0.000000
2025-06-12 12:26:19,138 [main_trainer.py:186] INFO Time per iteration is 0.764869. including communication: 0.123072. forward: 0.039711. backward: 0.330913. compression: 0.053287. io: 0.005238. HOOK: 0.007083. Speed: 20.918628 images/s, current density: 0.010000
2025-06-12 12:26:33,695 [main_trainer.py:186] INFO Time per iteration is 0.764234. including communication: 0.122897. forward: 0.039701. backward: 0.330960. compression: 0.053164. io: 0.005243. HOOK: 0.007895. Speed: 20.935990 images/s, current density: 0.010000
2025-06-12 12:26:48,239 [main_trainer.py:186] INFO Time per iteration is 0.763610. including communication: 0.122968. forward: 0.039674. backward: 0.330992. compression: 0.053247. io: 0.005247. HOOK: 0.007470. Speed: 20.953109 images/s, current density: 0.010000
2025-06-12 12:26:53,295 [allreducer.py:805] INFO [rank:%d]name[size]: backward, merge, compression, allreduce, demerge, d2h, h2d
2025-06-12 12:26:53,296 [allreducer.py:860] INFO [rank:0]total[58341028]: 0.000000,0.000170,0.053727,0.118944,0.008525,0.000000,0.000000
2025-06-12 12:27:02,825 [main_trainer.py:186] INFO Time per iteration is 0.763043. including communication: 0.122893. forward: 0.039650. backward: 0.330869. compression: 0.053257. io: 0.005250. HOOK: 0.007151. Speed: 20.968679 images/s, current density: 0.010000
2025-06-12 12:27:17,312 [main_trainer.py:186] INFO Time per iteration is 0.762412. including communication: 0.123137. forward: 0.039632. backward: 0.330855. compression: 0.053169. io: 0.005253. HOOK: 0.007840. Speed: 20.986020 images/s, current density: 0.010000
2025-06-12 12:27:29,644 [allreducer.py:805] INFO [rank:%d]name[size]: backward, merge, compression, allreduce, demerge, d2h, h2d
2025-06-12 12:27:29,644 [allreducer.py:860] INFO [rank:0]total[58341028]: 0.000000,0.007256,0.050402,0.126382,0.010134,0.000000,0.000000
2025-06-12 12:27:31,861 [main_trainer.py:186] INFO Time per iteration is 0.761852. including communication: 0.123069. forward: 0.039603. backward: 0.330877. compression: 0.053204. io: 0.005256. HOOK: 0.007252. Speed: 21.001442 images/s, current density: 0.010000
2025-06-12 12:27:46,418 [main_trainer.py:186] INFO Time per iteration is 0.761317. including communication: 0.122841. forward: 0.039579. backward: 0.330905. compression: 0.053062. io: 0.005253. HOOK: 0.008322. Speed: 21.016226 images/s, current density: 0.010000
2025-06-12 12:28:00,941 [main_trainer.py:186] INFO Time per iteration is 0.760771. including communication: 0.122600. forward: 0.039546. backward: 0.330923. compression: 0.052966. io: 0.005252. HOOK: 0.009053. Speed: 21.031287 images/s, current density: 0.010000
2025-06-12 12:28:05,979 [allreducer.py:805] INFO [rank:%d]name[size]: backward, merge, compression, allreduce, demerge, d2h, h2d
2025-06-12 12:28:05,979 [allreducer.py:860] INFO [rank:0]total[58341028]: 0.000000,0.010840,0.045335,0.109119,0.008359,0.000000,0.000000
2025-06-12 12:28:15,434 [main_trainer.py:186] INFO Time per iteration is 0.760218. including communication: 0.122598. forward: 0.039538. backward: 0.330920. compression: 0.052991. io: 0.005253. HOOK: 0.007433. Speed: 21.046592 images/s, current density: 0.010000
2025-06-12 12:28:29,938 [main_trainer.py:186] INFO Time per iteration is 0.759692. including communication: 0.122786. forward: 0.039530. backward: 0.330945. compression: 0.052899. io: 0.005256. HOOK: 0.007569. Speed: 21.061176 images/s, current density: 0.010000
2025-06-12 12:28:33,437 [dl_trainer.py:920] INFO [  2][ 1338/  446][rank:0] loss: 3.090, average forward and backward time: 0.619976, iotime: 0.005303 
2025-06-12 12:28:33,439 [dl_trainer.py:926] INFO GPU memory usage memory_allocated: 2016 MBytes, max_memory_allocated: 3948 MBytes, memory_cached: 4026 MBytes, max_memory_cached: 4026 MBytes, CPU memory usage: 3179 MBytes
2025-06-12 12:28:33,596 [main_trainer.py:198] INFO Time per epoch including communication: 323.945842, 0.000000
2025-06-12 12:28:33,608 [dl_trainer.py:764] INFO train iter: 1338, num_batches_per_epoch: 446
2025-06-12 12:28:33,609 [dl_trainer.py:767] INFO Epoch 2, avg train acc: 9.963565, lr: 0.004000, avg loss: 3.915205
2025-06-12 12:28:33,609 [dl_trainer.py:773] WARNING NaN detected! sparsities:  []
2025-06-12 12:28:33,609 [dl_trainer.py:775] INFO Average Sparsity: nan, compression ratio: nan, communication size: nan
2025-06-12 12:28:54,672 [dl_trainer.py:1019] INFO Epoch 3, lr: 0.004000, val loss: 3.758288, val acc: 0.129500
2025-06-12 12:29:02,897 [allreducer.py:805] INFO [rank:%d]name[size]: backward, merge, compression, allreduce, demerge, d2h, h2d
2025-06-12 12:29:02,898 [allreducer.py:860] INFO [rank:0]total[58341028]: 0.000000,0.000161,0.049210,0.127306,0.008527,0.000000,0.000000
2025-06-12 12:29:09,453 [main_trainer.py:186] INFO Time per iteration is 0.774232. including communication: 0.122592. forward: 0.039498. backward: 0.330768. compression: 0.052719. io: 0.005262. HOOK: 0.009324. Speed: 20.665638 images/s, current density: 0.010000
2025-06-12 12:29:24,042 [main_trainer.py:186] INFO Time per iteration is 0.773581. including communication: 0.122554. forward: 0.039483. backward: 0.330597. compression: 0.052627. io: 0.005263. HOOK: 0.007785. Speed: 20.683036 images/s, current density: 0.010000
2025-06-12 12:29:38,597 [main_trainer.py:186] INFO Time per iteration is 0.772924. including communication: 0.122430. forward: 0.039472. backward: 0.330566. compression: 0.052531. io: 0.005265. HOOK: 0.007566. Speed: 20.700618 images/s, current density: 0.010000
2025-06-12 12:29:39,287 [allreducer.py:805] INFO [rank:%d]name[size]: backward, merge, compression, allreduce, demerge, d2h, h2d
2025-06-12 12:29:39,287 [allreducer.py:860] INFO [rank:0]total[58341028]: 0.000000,0.000174,0.045670,0.113181,0.010179,0.000000,0.000000
2025-06-12 12:29:53,141 [main_trainer.py:186] INFO Time per iteration is 0.772278. including communication: 0.122305. forward: 0.039454. backward: 0.330635. compression: 0.052577. io: 0.005267. HOOK: 0.007186. Speed: 20.717927 images/s, current density: 0.010000
2025-06-12 12:30:07,684 [main_trainer.py:186] INFO Time per iteration is 0.771650. including communication: 0.122218. forward: 0.039446. backward: 0.330687. compression: 0.052593. io: 0.005270. HOOK: 0.008007. Speed: 20.734800 images/s, current density: 0.010000
2025-06-12 12:30:15,624 [allreducer.py:805] INFO [rank:%d]name[size]: backward, merge, compression, allreduce, demerge, d2h, h2d
2025-06-12 12:30:15,625 [allreducer.py:860] INFO [rank:0]total[58341028]: 0.000000,0.000382,0.056213,0.114528,0.008389,0.000000,0.000000
2025-06-12 12:30:22,170 [main_trainer.py:186] INFO Time per iteration is 0.770999. including communication: 0.122117. forward: 0.039423. backward: 0.330671. compression: 0.052635. io: 0.005272. HOOK: 0.008697. Speed: 20.752303 images/s, current density: 0.010000
2025-06-12 12:30:36,704 [main_trainer.py:186] INFO Time per iteration is 0.770398. including communication: 0.122195. forward: 0.039418. backward: 0.330611. compression: 0.052550. io: 0.005276. HOOK: 0.008268. Speed: 20.768488 images/s, current density: 0.010000
2025-06-12 12:30:51,234 [main_trainer.py:186] INFO Time per iteration is 0.769810. including communication: 0.122515. forward: 0.039409. backward: 0.330656. compression: 0.052472. io: 0.005280. HOOK: 0.007335. Speed: 20.784355 images/s, current density: 0.010000
2025-06-12 12:30:51,975 [allreducer.py:805] INFO [rank:%d]name[size]: backward, merge, compression, allreduce, demerge, d2h, h2d
2025-06-12 12:30:51,976 [allreducer.py:860] INFO [rank:0]total[58341028]: 0.000000,0.000166,0.047523,0.137854,0.008508,0.000000,0.000000
2025-06-12 12:31:05,827 [main_trainer.py:186] INFO Time per iteration is 0.769278. including communication: 0.122593. forward: 0.039397. backward: 0.330560. compression: 0.052382. io: 0.005282. HOOK: 0.007021. Speed: 20.798724 images/s, current density: 0.010000
2025-06-12 12:31:20,342 [main_trainer.py:186] INFO Time per iteration is 0.768710. including communication: 0.122704. forward: 0.039398. backward: 0.330614. compression: 0.052329. io: 0.005286. HOOK: 0.007646. Speed: 20.814092 images/s, current density: 0.010000
2025-06-12 12:31:28,299 [allreducer.py:805] INFO [rank:%d]name[size]: backward, merge, compression, allreduce, demerge, d2h, h2d
2025-06-12 12:31:28,300 [allreducer.py:860] INFO [rank:0]total[58341028]: 0.000000,0.003906,0.045569,0.125676,0.010407,0.000000,0.000000
2025-06-12 12:31:34,873 [main_trainer.py:186] INFO Time per iteration is 0.768168. including communication: 0.122748. forward: 0.039394. backward: 0.330656. compression: 0.052235. io: 0.005285. HOOK: 0.009253. Speed: 20.828790 images/s, current density: 0.010000
2025-06-12 12:31:49,392 [main_trainer.py:186] INFO Time per iteration is 0.767630. including communication: 0.122731. forward: 0.039397. backward: 0.330627. compression: 0.052147. io: 0.005287. HOOK: 0.008592. Speed: 20.843376 images/s, current density: 0.010000
2025-06-12 12:32:03,930 [main_trainer.py:186] INFO Time per iteration is 0.767117. including communication: 0.122506. forward: 0.039375. backward: 0.330613. compression: 0.052148. io: 0.005288. HOOK: 0.010674. Speed: 20.857301 images/s, current density: 0.010000
2025-06-12 12:32:04,612 [allreducer.py:805] INFO [rank:%d]name[size]: backward, merge, compression, allreduce, demerge, d2h, h2d
2025-06-12 12:32:04,613 [allreducer.py:860] INFO [rank:0]total[58341028]: 0.000000,0.000167,0.048697,0.114149,0.008504,0.000000,0.000000
2025-06-12 12:32:18,451 [main_trainer.py:186] INFO Time per iteration is 0.766608. including communication: 0.122720. forward: 0.039370. backward: 0.330624. compression: 0.052198. io: 0.005290. HOOK: 0.007617. Speed: 20.871162 images/s, current density: 0.010000
2025-06-12 12:32:33,004 [main_trainer.py:186] INFO Time per iteration is 0.766131. including communication: 0.122382. forward: 0.039358. backward: 0.330670. compression: 0.052114. io: 0.005289. HOOK: 0.008363. Speed: 20.884144 images/s, current density: 0.010000
2025-06-12 12:32:40,940 [allreducer.py:805] INFO [rank:%d]name[size]: backward, merge, compression, allreduce, demerge, d2h, h2d
2025-06-12 12:32:40,941 [allreducer.py:860] INFO [rank:0]total[58341028]: 0.000000,0.000171,0.049744,0.116554,0.008461,0.000000,0.000000
2025-06-12 12:32:47,518 [main_trainer.py:186] INFO Time per iteration is 0.765641. including communication: 0.122285. forward: 0.039327. backward: 0.330684. compression: 0.052160. io: 0.005288. HOOK: 0.006700. Speed: 20.897513 images/s, current density: 0.010000
2025-06-12 12:33:02,088 [main_trainer.py:186] INFO Time per iteration is 0.765198. including communication: 0.122534. forward: 0.039312. backward: 0.330574. compression: 0.052094. io: 0.005287. HOOK: 0.008583. Speed: 20.909634 images/s, current density: 0.010000
2025-06-12 12:33:16,608 [main_trainer.py:186] INFO Time per iteration is 0.764735. including communication: 0.122583. forward: 0.039297. backward: 0.330594. compression: 0.052015. io: 0.005286. HOOK: 0.006866. Speed: 20.922276 images/s, current density: 0.010000
2025-06-12 12:33:17,290 [allreducer.py:805] INFO [rank:%d]name[size]: backward, merge, compression, allreduce, demerge, d2h, h2d
2025-06-12 12:33:17,290 [allreducer.py:860] INFO [rank:0]total[58341028]: 0.000000,0.003912,0.050016,0.131157,0.010144,0.000000,0.000000
2025-06-12 12:33:31,124 [main_trainer.py:186] INFO Time per iteration is 0.764279. including communication: 0.122453. forward: 0.039284. backward: 0.330652. compression: 0.052128. io: 0.005285. HOOK: 0.006793. Speed: 20.934750 images/s, current density: 0.010000
2025-06-12 12:33:45,672 [main_trainer.py:186] INFO Time per iteration is 0.763853. including communication: 0.122368. forward: 0.039262. backward: 0.330675. compression: 0.052063. io: 0.005284. HOOK: 0.008026. Speed: 20.946427 images/s, current density: 0.010000
2025-06-12 12:33:53,613 [allreducer.py:805] INFO [rank:%d]name[size]: backward, merge, compression, allreduce, demerge, d2h, h2d
2025-06-12 12:33:53,613 [allreducer.py:860] INFO [rank:0]total[58341028]: 0.000000,0.000195,0.052466,0.121595,0.008269,0.000000,0.000000
2025-06-12 12:34:00,186 [main_trainer.py:186] INFO Time per iteration is 0.763418. including communication: 0.122410. forward: 0.039237. backward: 0.330730. compression: 0.051994. io: 0.005283. HOOK: 0.010233. Speed: 20.958362 images/s, current density: 0.010000
2025-06-12 12:34:14,695 [main_trainer.py:186] INFO Time per iteration is 0.762990. including communication: 0.122442. forward: 0.039239. backward: 0.330783. compression: 0.052040. io: 0.005282. HOOK: 0.006253. Speed: 20.970127 images/s, current density: 0.010000
2025-06-12 12:34:18,163 [dl_trainer.py:920] INFO [  3][ 1784/  446][rank:0] loss: 4.121, average forward and backward time: 0.618668, iotime: 0.005358 
2025-06-12 12:34:18,164 [dl_trainer.py:926] INFO GPU memory usage memory_allocated: 2016 MBytes, max_memory_allocated: 3948 MBytes, memory_cached: 3998 MBytes, max_memory_cached: 4026 MBytes, CPU memory usage: 3187 MBytes
2025-06-12 12:34:18,329 [main_trainer.py:198] INFO Time per epoch including communication: 323.662668, 0.000000
2025-06-12 12:34:18,335 [dl_trainer.py:764] INFO train iter: 1784, num_batches_per_epoch: 446
2025-06-12 12:34:18,335 [dl_trainer.py:767] INFO Epoch 3, avg train acc: 13.494955, lr: 0.004857, avg loss: 3.672027
2025-06-12 12:34:18,335 [dl_trainer.py:773] WARNING NaN detected! sparsities:  []
2025-06-12 12:34:18,335 [dl_trainer.py:775] INFO Average Sparsity: nan, compression ratio: nan, communication size: nan
2025-06-12 12:34:40,659 [dl_trainer.py:1019] INFO Epoch 4, lr: 0.004857, val loss: 3.547534, val acc: 0.166100
2025-06-12 12:34:51,891 [allreducer.py:805] INFO [rank:%d]name[size]: backward, merge, compression, allreduce, demerge, d2h, h2d
2025-06-12 12:34:51,892 [allreducer.py:860] INFO [rank:0]total[58341028]: 0.000000,0.000277,0.054214,0.126535,0.008626,0.000000,0.000000
2025-06-12 12:34:55,511 [main_trainer.py:186] INFO Time per iteration is 0.774610. including communication: 0.122980. forward: 0.039249. backward: 0.330551. compression: 0.052274. io: 0.005288. HOOK: 0.006458. Speed: 20.655565 images/s, current density: 0.010000
2025-06-12 12:35:10,077 [main_trainer.py:186] INFO Time per iteration is 0.774100. including communication: 0.123301. forward: 0.039249. backward: 0.330613. compression: 0.052343. io: 0.005292. HOOK: 0.009436. Speed: 20.669162 images/s, current density: 0.010000
2025-06-12 12:35:24,605 [main_trainer.py:186] INFO Time per iteration is 0.773581. including communication: 0.123206. forward: 0.039241. backward: 0.330644. compression: 0.052264. io: 0.005293. HOOK: 0.007714. Speed: 20.683043 images/s, current density: 0.010000
2025-06-12 12:35:28,185 [allreducer.py:805] INFO [rank:%d]name[size]: backward, merge, compression, allreduce, demerge, d2h, h2d
2025-06-12 12:35:28,186 [allreducer.py:860] INFO [rank:0]total[58341028]: 0.000000,0.007224,0.057992,0.140858,0.010700,0.000000,0.000000
2025-06-12 12:35:39,134 [main_trainer.py:186] INFO Time per iteration is 0.773072. including communication: 0.123057. forward: 0.039223. backward: 0.330694. compression: 0.052209. io: 0.005289. HOOK: 0.006886. Speed: 20.696645 images/s, current density: 0.010000
2025-06-12 12:35:53,664 [main_trainer.py:186] INFO Time per iteration is 0.772575. including communication: 0.122949. forward: 0.039201. backward: 0.330732. compression: 0.052120. io: 0.005288. HOOK: 0.007326. Speed: 20.709960 images/s, current density: 0.010000
2025-06-12 12:36:04,527 [allreducer.py:805] INFO [rank:%d]name[size]: backward, merge, compression, allreduce, demerge, d2h, h2d
2025-06-12 12:36:04,528 [allreducer.py:860] INFO [rank:0]total[58341028]: 0.000000,0.000293,0.048805,0.117880,0.008356,0.000000,0.000000
2025-06-12 12:36:08,188 [main_trainer.py:186] INFO Time per iteration is 0.772086. including communication: 0.122930. forward: 0.039194. backward: 0.330800. compression: 0.052128. io: 0.005286. HOOK: 0.007063. Speed: 20.723078 images/s, current density: 0.010000
2025-06-12 12:36:22,754 [main_trainer.py:186] INFO Time per iteration is 0.771630. including communication: 0.122870. forward: 0.039177. backward: 0.330773. compression: 0.052053. io: 0.005284. HOOK: 0.007612. Speed: 20.735334 images/s, current density: 0.010000
2025-06-12 12:36:37,291 [main_trainer.py:186] INFO Time per iteration is 0.771166. including communication: 0.122907. forward: 0.039161. backward: 0.330833. compression: 0.052098. io: 0.005283. HOOK: 0.007547. Speed: 20.747790 images/s, current density: 0.010000
2025-06-12 12:36:40,895 [allreducer.py:805] INFO [rank:%d]name[size]: backward, merge, compression, allreduce, demerge, d2h, h2d
2025-06-12 12:36:40,895 [allreducer.py:860] INFO [rank:0]total[58341028]: 0.000000,0.003623,0.053206,0.124323,0.008284,0.000000,0.000000
2025-06-12 12:36:51,837 [main_trainer.py:186] INFO Time per iteration is 0.770718. including communication: 0.123271. forward: 0.039141. backward: 0.330860. compression: 0.052257. io: 0.005281. HOOK: 0.008983. Speed: 20.759859 images/s, current density: 0.010000
2025-06-12 12:37:06,427 [main_trainer.py:186] INFO Time per iteration is 0.770302. including communication: 0.123543. forward: 0.039128. backward: 0.330752. compression: 0.052234. io: 0.005279. HOOK: 0.008560. Speed: 20.771086 images/s, current density: 0.010000
2025-06-12 12:37:17,308 [allreducer.py:805] INFO [rank:%d]name[size]: backward, merge, compression, allreduce, demerge, d2h, h2d
2025-06-12 12:37:17,308 [allreducer.py:860] INFO [rank:0]total[58341028]: 0.000000,0.003729,0.052409,0.135118,0.008324,0.000000,0.000000
2025-06-12 12:37:20,982 [main_trainer.py:186] INFO Time per iteration is 0.769876. including communication: 0.123353. forward: 0.039121. backward: 0.330772. compression: 0.052262. io: 0.005279. HOOK: 0.008489. Speed: 20.782570 images/s, current density: 0.010000
2025-06-12 12:37:35,534 [main_trainer.py:186] INFO Time per iteration is 0.769455. including communication: 0.123396. forward: 0.039113. backward: 0.330776. compression: 0.052308. io: 0.005281. HOOK: 0.007509. Speed: 20.793931 images/s, current density: 0.010000
2025-06-12 12:37:50,054 [main_trainer.py:186] INFO Time per iteration is 0.769029. including communication: 0.123303. forward: 0.039106. backward: 0.330817. compression: 0.052222. io: 0.005280. HOOK: 0.008081. Speed: 20.805465 images/s, current density: 0.010000
2025-06-12 12:37:53,637 [allreducer.py:805] INFO [rank:%d]name[size]: backward, merge, compression, allreduce, demerge, d2h, h2d
2025-06-12 12:37:53,639 [allreducer.py:860] INFO [rank:0]total[58341028]: 0.000000,0.013869,0.052622,0.123376,0.010535,0.000000,0.000000
2025-06-12 12:38:04,584 [main_trainer.py:186] INFO Time per iteration is 0.768615. including communication: 0.123230. forward: 0.039098. backward: 0.330847. compression: 0.052165. io: 0.005278. HOOK: 0.007558. Speed: 20.816651 images/s, current density: 0.010000
2025-06-12 12:38:19,102 [main_trainer.py:186] INFO Time per iteration is 0.768205. including communication: 0.123264. forward: 0.039081. backward: 0.330859. compression: 0.052210. io: 0.005277. HOOK: 0.008870. Speed: 20.827782 images/s, current density: 0.010000
2025-06-12 12:38:30,026 [allreducer.py:805] INFO [rank:%d]name[size]: backward, merge, compression, allreduce, demerge, d2h, h2d
2025-06-12 12:38:30,027 [allreducer.py:860] INFO [rank:0]total[58341028]: 0.000000,0.003718,0.055233,0.131894,0.008354,0.000000,0.000000
2025-06-12 12:38:33,691 [main_trainer.py:186] INFO Time per iteration is 0.767835. including communication: 0.123479. forward: 0.039059. backward: 0.330806. compression: 0.052256. io: 0.005274. HOOK: 0.011636. Speed: 20.837809 images/s, current density: 0.010000
2025-06-12 12:38:48,211 [main_trainer.py:186] INFO Time per iteration is 0.767439. including communication: 0.123484. forward: 0.039047. backward: 0.330818. compression: 0.052193. io: 0.005273. HOOK: 0.007002. Speed: 20.848573 images/s, current density: 0.010000
2025-06-12 12:39:02,727 [main_trainer.py:186] INFO Time per iteration is 0.767049. including communication: 0.123579. forward: 0.039044. backward: 0.330854. compression: 0.052127. io: 0.005273. HOOK: 0.010073. Speed: 20.859167 images/s, current density: 0.010000
2025-06-12 12:39:06,321 [allreducer.py:805] INFO [rank:%d]name[size]: backward, merge, compression, allreduce, demerge, d2h, h2d
2025-06-12 12:39:06,322 [allreducer.py:860] INFO [rank:0]total[58341028]: 0.000000,0.003681,0.045825,0.126228,0.010368,0.000000,0.000000
2025-06-12 12:39:17,276 [main_trainer.py:186] INFO Time per iteration is 0.766682. including communication: 0.123680. forward: 0.039029. backward: 0.330853. compression: 0.052108. io: 0.005273. HOOK: 0.008690. Speed: 20.869150 images/s, current density: 0.010000
2025-06-12 12:39:31,830 [main_trainer.py:186] INFO Time per iteration is 0.766323. including communication: 0.123669. forward: 0.039023. backward: 0.330854. compression: 0.052118. io: 0.005274. HOOK: 0.010004. Speed: 20.878911 images/s, current density: 0.010000
2025-06-12 12:39:42,696 [allreducer.py:805] INFO [rank:%d]name[size]: backward, merge, compression, allreduce, demerge, d2h, h2d
2025-06-12 12:39:42,696 [allreducer.py:860] INFO [rank:0]total[58341028]: 0.000000,0.000249,0.050106,0.131025,0.008380,0.000000,0.000000
2025-06-12 12:39:46,353 [main_trainer.py:186] INFO Time per iteration is 0.765958. including communication: 0.123719. forward: 0.039009. backward: 0.330884. compression: 0.052055. io: 0.005273. HOOK: 0.008586. Speed: 20.888882 images/s, current density: 0.010000
2025-06-12 12:40:00,878 [main_trainer.py:186] INFO Time per iteration is 0.765600. including communication: 0.123818. forward: 0.039006. backward: 0.330888. compression: 0.052076. io: 0.005274. HOOK: 0.007144. Speed: 20.898654 images/s, current density: 0.010000
2025-06-12 12:40:04,357 [dl_trainer.py:920] INFO [  4][ 2230/  446][rank:0] loss: 3.327, average forward and backward time: 0.623375, iotime: 0.005237 
2025-06-12 12:40:04,359 [dl_trainer.py:926] INFO GPU memory usage memory_allocated: 2016 MBytes, max_memory_allocated: 3948 MBytes, memory_cached: 3998 MBytes, max_memory_cached: 4026 MBytes, CPU memory usage: 3196 MBytes
2025-06-12 12:40:04,554 [main_trainer.py:198] INFO Time per epoch including communication: 323.894041, 0.000000
2025-06-12 12:40:04,563 [dl_trainer.py:764] INFO train iter: 2230, num_batches_per_epoch: 446
2025-06-12 12:40:04,564 [dl_trainer.py:767] INFO Epoch 4, avg train acc: 15.891255, lr: 0.005714, avg loss: 3.500595
2025-06-12 12:40:04,564 [dl_trainer.py:773] WARNING NaN detected! sparsities:  []
2025-06-12 12:40:04,564 [dl_trainer.py:775] INFO Average Sparsity: nan, compression ratio: nan, communication size: nan
2025-06-12 12:40:27,679 [dl_trainer.py:1019] INFO Epoch 5, lr: 0.005714, val loss: 3.182764, val acc: 0.217800
2025-06-12 12:40:41,714 [allreducer.py:805] INFO [rank:%d]name[size]: backward, merge, compression, allreduce, demerge, d2h, h2d
2025-06-12 12:40:41,715 [allreducer.py:860] INFO [rank:0]total[58341028]: 0.000000,0.000161,0.055439,0.124959,0.008444,0.000000,0.000000
2025-06-12 12:40:42,480 [main_trainer.py:186] INFO Time per iteration is 0.775235. including communication: 0.123798. forward: 0.038987. backward: 0.330825. compression: 0.052148. io: 0.005276. HOOK: 0.007116. Speed: 20.638892 images/s, current density: 0.010000
2025-06-12 12:40:57,106 [main_trainer.py:186] INFO Time per iteration is 0.774847. including communication: 0.123829. forward: 0.038979. backward: 0.330785. compression: 0.052181. io: 0.005276. HOOK: 0.007171. Speed: 20.649233 images/s, current density: 0.010000
2025-06-12 12:41:11,654 [main_trainer.py:186] INFO Time per iteration is 0.774431. including communication: 0.123902. forward: 0.038972. backward: 0.330822. compression: 0.052202. io: 0.005276. HOOK: 0.007700. Speed: 20.660326 images/s, current density: 0.010000
2025-06-12 12:41:18,175 [allreducer.py:805] INFO [rank:%d]name[size]: backward, merge, compression, allreduce, demerge, d2h, h2d
2025-06-12 12:41:18,175 [allreducer.py:860] INFO [rank:0]total[58341028]: 0.000000,0.000408,0.056794,0.131064,0.010478,0.000000,0.000000
2025-06-12 12:41:26,210 [main_trainer.py:186] INFO Time per iteration is 0.774027. including communication: 0.123904. forward: 0.038970. backward: 0.330862. compression: 0.052227. io: 0.005275. HOOK: 0.009275. Speed: 20.671125 images/s, current density: 0.010000
2025-06-12 12:41:40,656 [main_trainer.py:186] INFO Time per iteration is 0.773580. including communication: 0.123901. forward: 0.038963. backward: 0.330878. compression: 0.052171. io: 0.005276. HOOK: 0.008591. Speed: 20.683055 images/s, current density: 0.010000
2025-06-12 12:41:54,392 [allreducer.py:805] INFO [rank:%d]name[size]: backward, merge, compression, allreduce, demerge, d2h, h2d
2025-06-12 12:41:54,392 [allreducer.py:860] INFO [rank:0]total[58341028]: 0.000000,0.003925,0.053487,0.118622,0.008385,0.000000,0.000000
2025-06-12 12:41:55,165 [main_trainer.py:186] INFO Time per iteration is 0.773169. including communication: 0.123838. forward: 0.038954. backward: 0.330902. compression: 0.052280. io: 0.005276. HOOK: 0.007116. Speed: 20.694047 images/s, current density: 0.010000
2025-06-12 12:42:09,693 [main_trainer.py:186] INFO Time per iteration is 0.772773. including communication: 0.123661. forward: 0.038937. backward: 0.330910. compression: 0.052201. io: 0.005274. HOOK: 0.007068. Speed: 20.704644 images/s, current density: 0.010000
2025-06-12 12:42:24,268 [main_trainer.py:186] INFO Time per iteration is 0.772404. including communication: 0.123808. forward: 0.038928. backward: 0.330861. compression: 0.052322. io: 0.005274. HOOK: 0.008123. Speed: 20.714550 images/s, current density: 0.010000
2025-06-12 12:42:30,760 [allreducer.py:805] INFO [rank:%d]name[size]: backward, merge, compression, allreduce, demerge, d2h, h2d
2025-06-12 12:42:30,761 [allreducer.py:860] INFO [rank:0]total[58341028]: 0.000000,0.000279,0.053568,0.120904,0.008300,0.000000,0.000000
2025-06-12 12:42:38,731 [main_trainer.py:186] INFO Time per iteration is 0.771994. including communication: 0.123821. forward: 0.038919. backward: 0.330879. compression: 0.052366. io: 0.005273. HOOK: 0.008233. Speed: 20.725555 images/s, current density: 0.010000
2025-06-12 12:42:53,240 [main_trainer.py:186] INFO Time per iteration is 0.771610. including communication: 0.123675. forward: 0.038908. backward: 0.330885. compression: 0.052383. io: 0.005273. HOOK: 0.007360. Speed: 20.735872 images/s, current density: 0.010000
2025-06-12 12:43:06,994 [allreducer.py:805] INFO [rank:%d]name[size]: backward, merge, compression, allreduce, demerge, d2h, h2d
2025-06-12 12:43:06,995 [allreducer.py:860] INFO [rank:0]total[58341028]: 0.000000,0.003815,0.053064,0.110745,0.008391,0.000000,0.000000
2025-06-12 12:43:07,767 [main_trainer.py:186] INFO Time per iteration is 0.771238. including communication: 0.123509. forward: 0.038901. backward: 0.330874. compression: 0.052318. io: 0.005273. HOOK: 0.007840. Speed: 20.745871 images/s, current density: 0.010000
2025-06-12 12:43:22,254 [main_trainer.py:186] INFO Time per iteration is 0.770857. including communication: 0.123333. forward: 0.038895. backward: 0.330879. compression: 0.052248. io: 0.005274. HOOK: 0.007745. Speed: 20.756125 images/s, current density: 0.010000
2025-06-12 12:43:36,770 [main_trainer.py:186] INFO Time per iteration is 0.770494. including communication: 0.123423. forward: 0.038890. backward: 0.330868. compression: 0.052202. io: 0.005275. HOOK: 0.009881. Speed: 20.765899 images/s, current density: 0.010000
2025-06-12 12:43:43,265 [allreducer.py:805] INFO [rank:%d]name[size]: backward, merge, compression, allreduce, demerge, d2h, h2d
2025-06-12 12:43:43,266 [allreducer.py:860] INFO [rank:0]total[58341028]: 0.000000,0.000164,0.044740,0.113655,0.010754,0.000000,0.000000
2025-06-12 12:43:51,277 [main_trainer.py:186] INFO Time per iteration is 0.770133. including communication: 0.123363. forward: 0.038876. backward: 0.330867. compression: 0.052212. io: 0.005274. HOOK: 0.007526. Speed: 20.775631 images/s, current density: 0.010000
2025-06-12 12:44:05,801 [main_trainer.py:186] INFO Time per iteration is 0.769784. including communication: 0.123568. forward: 0.038871. backward: 0.330888. compression: 0.052256. io: 0.005272. HOOK: 0.007428. Speed: 20.785042 images/s, current density: 0.010000
2025-06-12 12:44:19,528 [allreducer.py:805] INFO [rank:%d]name[size]: backward, merge, compression, allreduce, demerge, d2h, h2d
2025-06-12 12:44:19,529 [allreducer.py:860] INFO [rank:0]total[58341028]: 0.000000,0.003659,0.053593,0.134424,0.008379,0.000000,0.000000
2025-06-12 12:44:20,295 [main_trainer.py:186] INFO Time per iteration is 0.769430. including communication: 0.123527. forward: 0.038861. backward: 0.330896. compression: 0.052192. io: 0.005272. HOOK: 0.007901. Speed: 20.794624 images/s, current density: 0.010000
2025-06-12 12:44:34,840 [main_trainer.py:186] INFO Time per iteration is 0.769100. including communication: 0.123621. forward: 0.038855. backward: 0.330808. compression: 0.052153. io: 0.005272. HOOK: 0.008688. Speed: 20.803536 images/s, current density: 0.010000
2025-06-12 12:44:49,290 [main_trainer.py:186] INFO Time per iteration is 0.768739. including communication: 0.123542. forward: 0.038854. backward: 0.330819. compression: 0.052099. io: 0.005271. HOOK: 0.006995. Speed: 20.813305 images/s, current density: 0.010000
2025-06-12 12:44:55,783 [allreducer.py:805] INFO [rank:%d]name[size]: backward, merge, compression, allreduce, demerge, d2h, h2d
2025-06-12 12:44:55,784 [allreducer.py:860] INFO [rank:0]total[58341028]: 0.000000,0.003650,0.046363,0.126732,0.010011,0.000000,0.000000
2025-06-12 12:45:03,811 [main_trainer.py:186] INFO Time per iteration is 0.768409. including communication: 0.123624. forward: 0.038842. backward: 0.330828. compression: 0.052060. io: 0.005270. HOOK: 0.008591. Speed: 20.822234 images/s, current density: 0.010000
2025-06-12 12:45:18,302 [main_trainer.py:186] INFO Time per iteration is 0.768075. including communication: 0.123510. forward: 0.038825. backward: 0.330841. compression: 0.051999. io: 0.005269. HOOK: 0.008965. Speed: 20.831305 images/s, current density: 0.010000
2025-06-12 12:45:32,039 [allreducer.py:805] INFO [rank:%d]name[size]: backward, merge, compression, allreduce, demerge, d2h, h2d
2025-06-12 12:45:32,039 [allreducer.py:860] INFO [rank:0]total[58341028]: 0.000000,0.003499,0.044964,0.118117,0.008324,0.000000,0.000000
2025-06-12 12:45:32,790 [main_trainer.py:186] INFO Time per iteration is 0.767744. including communication: 0.123489. forward: 0.038810. backward: 0.330870. compression: 0.051950. io: 0.005267. HOOK: 0.008454. Speed: 20.840277 images/s, current density: 0.010000
2025-06-12 12:45:47,271 [main_trainer.py:186] INFO Time per iteration is 0.767416. including communication: 0.123438. forward: 0.038799. backward: 0.330863. compression: 0.051885. io: 0.005267. HOOK: 0.008507. Speed: 20.849197 images/s, current density: 0.010000
2025-06-12 12:45:50,745 [dl_trainer.py:920] INFO [  5][ 2676/  446][rank:0] loss: 2.508, average forward and backward time: 0.622338, iotime: 0.005236 
2025-06-12 12:45:50,746 [dl_trainer.py:926] INFO GPU memory usage memory_allocated: 2016 MBytes, max_memory_allocated: 3948 MBytes, memory_cached: 3998 MBytes, max_memory_cached: 4026 MBytes, CPU memory usage: 3182 MBytes
2025-06-12 12:45:50,937 [main_trainer.py:198] INFO Time per epoch including communication: 323.260002, 0.000000
2025-06-12 12:45:50,957 [dl_trainer.py:764] INFO train iter: 2676, num_batches_per_epoch: 446
2025-06-12 12:45:50,957 [dl_trainer.py:767] INFO Epoch 5, avg train acc: 20.669844, lr: 0.006571, avg loss: 3.266028
2025-06-12 12:45:50,958 [dl_trainer.py:773] WARNING NaN detected! sparsities:  []
2025-06-12 12:45:50,958 [dl_trainer.py:775] INFO Average Sparsity: nan, compression ratio: nan, communication size: nan
2025-06-12 12:46:12,088 [dl_trainer.py:1019] INFO Epoch 6, lr: 0.006571, val loss: 3.019864, val acc: 0.260900
2025-06-12 12:46:26,940 [main_trainer.py:186] INFO Time per iteration is 0.774723. including communication: 0.123515. forward: 0.038787. backward: 0.330685. compression: 0.051868. io: 0.005270. HOOK: 0.008166. Speed: 20.652537 images/s, current density: 0.010000
2025-06-12 12:46:29,068 [allreducer.py:805] INFO [rank:%d]name[size]: backward, merge, compression, allreduce, demerge, d2h, h2d
2025-06-12 12:46:29,068 [allreducer.py:860] INFO [rank:0]total[58341028]: 0.000000,0.000169,0.047072,0.126654,0.008376,0.000000,0.000000
2025-06-12 12:46:41,450 [main_trainer.py:186] INFO Time per iteration is 0.774358. including communication: 0.123693. forward: 0.038784. backward: 0.330693. compression: 0.051845. io: 0.005271. HOOK: 0.007113. Speed: 20.662264 images/s, current density: 0.010000
2025-06-12 12:46:55,906 [main_trainer.py:186] INFO Time per iteration is 0.773980. including communication: 0.123707. forward: 0.038780. backward: 0.330684. compression: 0.051789. io: 0.005270. HOOK: 0.008004. Speed: 20.672377 images/s, current density: 0.010000
2025-06-12 12:47:05,288 [allreducer.py:805] INFO [rank:%d]name[size]: backward, merge, compression, allreduce, demerge, d2h, h2d
2025-06-12 12:47:05,289 [allreducer.py:860] INFO [rank:0]total[58341028]: 0.000000,0.003934,0.045833,0.125178,0.010580,0.000000,0.000000
2025-06-12 12:47:10,390 [main_trainer.py:186] INFO Time per iteration is 0.773617. including communication: 0.123507. forward: 0.038776. backward: 0.330682. compression: 0.051723. io: 0.005271. HOOK: 0.007428. Speed: 20.682070 images/s, current density: 0.010000
2025-06-12 12:47:24,873 [main_trainer.py:186] INFO Time per iteration is 0.773258. including communication: 0.123534. forward: 0.038768. backward: 0.330711. compression: 0.051765. io: 0.005270. HOOK: 0.007604. Speed: 20.691662 images/s, current density: 0.010000
2025-06-12 12:47:39,347 [main_trainer.py:186] INFO Time per iteration is 0.772903. including communication: 0.123528. forward: 0.038754. backward: 0.330702. compression: 0.051734. io: 0.005269. HOOK: 0.010371. Speed: 20.701185 images/s, current density: 0.010000
2025-06-12 12:47:41,479 [allreducer.py:805] INFO [rank:%d]name[size]: backward, merge, compression, allreduce, demerge, d2h, h2d
2025-06-12 12:47:41,479 [allreducer.py:860] INFO [rank:0]total[58341028]: 0.000000,0.003701,0.050423,0.119238,0.008322,0.000000,0.000000
2025-06-12 12:47:53,819 [main_trainer.py:186] INFO Time per iteration is 0.772551. including communication: 0.123477. forward: 0.038745. backward: 0.330701. compression: 0.051700. io: 0.005268. HOOK: 0.009318. Speed: 20.710599 images/s, current density: 0.010000
2025-06-12 12:48:08,351 [main_trainer.py:186] INFO Time per iteration is 0.772225. including communication: 0.123335. forward: 0.038743. backward: 0.330695. compression: 0.051662. io: 0.005268. HOOK: 0.007016. Speed: 20.719356 images/s, current density: 0.010000
2025-06-12 12:48:17,762 [allreducer.py:805] INFO [rank:%d]name[size]: backward, merge, compression, allreduce, demerge, d2h, h2d
2025-06-12 12:48:17,763 [allreducer.py:860] INFO [rank:0]total[58341028]: 0.000000,0.000172,0.050551,0.110444,0.008328,0.000000,0.000000
2025-06-12 12:48:22,951 [main_trainer.py:186] INFO Time per iteration is 0.771928. including communication: 0.123320. forward: 0.038742. backward: 0.330616. compression: 0.051697. io: 0.005268. HOOK: 0.007760. Speed: 20.727330 images/s, current density: 0.010000
2025-06-12 12:48:37,455 [main_trainer.py:186] INFO Time per iteration is 0.771601. including communication: 0.123453. forward: 0.038740. backward: 0.330625. compression: 0.051779. io: 0.005268. HOOK: 0.008704. Speed: 20.736093 images/s, current density: 0.010000
2025-06-12 12:48:51,952 [main_trainer.py:186] INFO Time per iteration is 0.771277. including communication: 0.123410. forward: 0.038739. backward: 0.330611. compression: 0.051807. io: 0.005268. HOOK: 0.007440. Speed: 20.744810 images/s, current density: 0.010000
2025-06-12 12:48:54,072 [allreducer.py:805] INFO [rank:%d]name[size]: backward, merge, compression, allreduce, demerge, d2h, h2d
2025-06-12 12:48:54,072 [allreducer.py:860] INFO [rank:0]total[58341028]: 0.000000,0.003717,0.057165,0.129244,0.008364,0.000000,0.000000
2025-06-12 12:49:06,417 [main_trainer.py:186] INFO Time per iteration is 0.770946. including communication: 0.123310. forward: 0.038733. backward: 0.330651. compression: 0.051803. io: 0.005268. HOOK: 0.008334. Speed: 20.753734 images/s, current density: 0.010000
2025-06-12 12:49:20,924 [main_trainer.py:186] INFO Time per iteration is 0.770632. including communication: 0.123231. forward: 0.038732. backward: 0.330660. compression: 0.051803. io: 0.005267. HOOK: 0.007292. Speed: 20.762167 images/s, current density: 0.010000
2025-06-12 12:49:30,300 [allreducer.py:805] INFO [rank:%d]name[size]: backward, merge, compression, allreduce, demerge, d2h, h2d
2025-06-12 12:49:30,300 [allreducer.py:860] INFO [rank:0]total[58341028]: 0.000000,0.000286,0.050816,0.111472,0.010550,0.000000,0.000000
2025-06-12 12:49:35,453 [main_trainer.py:186] INFO Time per iteration is 0.770332. including communication: 0.123170. forward: 0.038731. backward: 0.330656. compression: 0.051773. io: 0.005267. HOOK: 0.008581. Speed: 20.770265 images/s, current density: 0.010000
2025-06-12 12:49:50,036 [main_trainer.py:186] INFO Time per iteration is 0.770053. including communication: 0.123434. forward: 0.038723. backward: 0.330571. compression: 0.051875. io: 0.005266. HOOK: 0.010637. Speed: 20.777792 images/s, current density: 0.010000
